<?xml version="1.0" encoding="UTF-8"?>
<!-- Generated by org.testng.reporters.JUnitReportReporter -->
<testsuite hostname="DESKTOP-LBC6ELG" failures="0" tests="1" name="com.common.Base" time="7.571" errors="0" timestamp="16 Aug 2022 21:19:17 GMT" skipped="0">
  <testcase classname="com.common.Base" name="getBrowser" time="7.571"/>
</testsuite> <!-- com.common.Base -->
