<?xml version="1.0" encoding="UTF-8"?>
<!-- Generated by org.testng.reporters.JUnitReportReporter -->
<testsuite hostname="DESKTOP-LBC6ELG" failures="0" tests="1" name="com.testrunner.TestRunner" time="9.864" errors="0" timestamp="16 Aug 2022 21:22:50 GMT" skipped="0">
  <testcase classname="com.testrunner.TestRunner" name="runScenario" time="9.864"/>
</testsuite> <!-- com.testrunner.TestRunner -->
